<?xml version="1.0" encoding="UTF-8"?>
<!-- Generated by org.testng.reporters.JUnitReportReporter -->
<testsuite hostname="YASHWANTHREDDY" failures="0" tests="1" name="TestScripts.VerifyingSuccessfulLoginPage" time="6.065" errors="0" timestamp="2024-09-11T15:18:05 IST" skipped="0">
  <testcase classname="TestScripts.VerifyingSuccessfulLoginPage" name="verifyingSuccessfulLoginPage" time="6.065"/>
</testsuite> <!-- TestScripts.VerifyingSuccessfulLoginPage -->
