<?xml version="1.0" encoding="UTF-8"?>
<!-- Generated by org.testng.reporters.JUnitReportReporter -->
<testsuite hostname="YASHWANTHREDDY" failures="0" tests="1" name="TestScripts.VerifyingUnsuccessfulLoginAttempt" time="20.918" errors="0" timestamp="2024-09-11T13:36:17 IST" skipped="0">
  <testcase classname="TestScripts.VerifyingUnsuccessfulLoginAttempt" name="verifyingUnsuccessfulLoginAttempt" time="20.918"/>
</testsuite> <!-- TestScripts.VerifyingUnsuccessfulLoginAttempt -->
